============================================================
LOG: books_to_scrape_20260325_135650.log
============================================================
2026-03-25 13:56:50,352 - INFO - Iniciando scraper...
2026-03-25 13:56:50,352 - INFO - Parametros recibidos: {'categoria': 'mystery', 'pagina': 1}
2026-03-25 13:56:50,355 - INFO - Configuracion cargada: http://books.toscrape.com/
2026-03-25 13:56:52,328 - INFO - Driver inicializado correctamente
2026-03-25 13:56:53,241 - INFO - Pagina cargada correctamente
2026-03-25 13:56:54,278 - INFO - Encontrados 20 libros
2026-03-25 13:56:57,907 - INFO - Raw guardado en raw\books_to_scrape\books_20260325_135650.csv (20 registros)
2026-03-25 13:56:57,908 - INFO - Si el proceso falla, puedes reprocesar con: --reprocess 20260325_135650
2026-03-25 13:56:57,919 - INFO - Procesamiento completado: 20 registros
2026-03-25 13:56:57,923 - INFO - Ejecutando validaciones...
2026-03-25 13:56:57,924 - INFO - Validacion exitosa
2026-03-25 13:56:57,930 - INFO - Datos guardados en output\books_to_scrape\books_20260325.csv (20 registros)
2026-03-25 13:56:57,936 - INFO - Datos guardados en output\books_to_scrape\books_20260325.json (20 registros)
2026-03-25 13:56:57,936 - INFO - Proceso finalizado

============================================================
LOG: viviendas_adonde_20260325_135657.log
============================================================
2026-03-25 13:56:57,950 - INFO - Iniciando scraper...
2026-03-25 13:56:57,951 - INFO - Parametros recibidos: {'pais': 'peru', 'max_paginas': 5, 'solo_nuevos': True}
2026-03-25 13:56:57,955 - INFO - Configuracion cargada: https://www.adondevivir.com/inmuebles-en-alquiler.html
2026-03-25 13:57:01,844 - INFO - Driver inicializado correctamente
2026-03-25 13:57:07,876 - INFO - Pagina cargada correctamente
2026-03-25 13:57:12,902 - INFO - Encontrados 27 elementos
2026-03-25 13:57:18,821 - INFO - Raw guardado en raw\viviendas_adonde\viviendas_20260325_135657.csv (27 registros)
2026-03-25 13:57:18,821 - INFO - Si el proceso falla, puedes reprocesar con: --reprocess 20260325_135657
2026-03-25 13:57:18,824 - INFO - Procesamiento completado: 27 registros
2026-03-25 13:57:18,826 - INFO - Ejecutando validaciones...
2026-03-25 13:57:18,827 - INFO - Validacion exitosa
2026-03-25 13:57:18,832 - INFO - Datos guardados en output\viviendas_adonde\viviendas_20260325.csv (27 registros)
2026-03-25 13:57:18,836 - INFO - Datos guardados en output\viviendas_adonde\viviendas_20260325.json (27 registros)
2026-03-25 13:57:18,836 - INFO - Proceso finalizado
2026-03-25 13:57:18,884 - INFO - Datos guardados en output\consolidados\consolidado_20260325.csv (47 registros)
2026-03-25 13:57:18,899 - INFO - Latest actualizado: latest\diario_consolidado\consolidado.csv

